Determining if the pthread_create exist failed with the following output:
Change Dir: /store/software/opencmiss/OpenCMISS-examples/FiniteElasticity/RightBiceps/build_debug/CMakeFiles/CMakeTmp

Run Build Command:"/usr/bin/make" "cmTC_697e4/fast"
/usr/bin/make -f CMakeFiles/cmTC_697e4.dir/build.make CMakeFiles/cmTC_697e4.dir/build
make[1]: Entering directory '/store/software/opencmiss/OpenCMISS-examples/FiniteElasticity/RightBiceps/build_debug/CMakeFiles/CMakeTmp'
Building C object CMakeFiles/cmTC_697e4.dir/CheckSymbolExists.c.o
/usr/bin/cc     -o CMakeFiles/cmTC_697e4.dir/CheckSymbolExists.c.o   -c /store/software/opencmiss/OpenCMISS-examples/FiniteElasticity/RightBiceps/build_debug/CMakeFiles/CMakeTmp/CheckSymbolExists.c
Linking C executable cmTC_697e4
/usr/bin/cmake -E cmake_link_script CMakeFiles/cmTC_697e4.dir/link.txt --verbose=1
/usr/bin/cc       CMakeFiles/cmTC_697e4.dir/CheckSymbolExists.c.o  -o cmTC_697e4 -rdynamic 
CMakeFiles/cmTC_697e4.dir/CheckSymbolExists.c.o: In function `main':
CheckSymbolExists.c:(.text+0x16): undefined reference to `pthread_create'
collect2: error: ld returned 1 exit status
CMakeFiles/cmTC_697e4.dir/build.make:97: recipe for target 'cmTC_697e4' failed
make[1]: *** [cmTC_697e4] Error 1
make[1]: Leaving directory '/store/software/opencmiss/OpenCMISS-examples/FiniteElasticity/RightBiceps/build_debug/CMakeFiles/CMakeTmp'
Makefile:126: recipe for target 'cmTC_697e4/fast' failed
make: *** [cmTC_697e4/fast] Error 2

File /store/software/opencmiss/OpenCMISS-examples/FiniteElasticity/RightBiceps/build_debug/CMakeFiles/CMakeTmp/CheckSymbolExists.c:
/* */
#include <pthread.h>

int main(int argc, char** argv)
{
  (void)argv;
#ifndef pthread_create
  return ((int*)(&pthread_create))[argc];
#else
  (void)argc;
  return 0;
#endif
}

Determining if the function pthread_create exists in the pthreads failed with the following output:
Change Dir: /store/software/opencmiss/OpenCMISS-examples/FiniteElasticity/RightBiceps/build_debug/CMakeFiles/CMakeTmp

Run Build Command:"/usr/bin/make" "cmTC_edcbc/fast"
/usr/bin/make -f CMakeFiles/cmTC_edcbc.dir/build.make CMakeFiles/cmTC_edcbc.dir/build
make[1]: Entering directory '/store/software/opencmiss/OpenCMISS-examples/FiniteElasticity/RightBiceps/build_debug/CMakeFiles/CMakeTmp'
Building C object CMakeFiles/cmTC_edcbc.dir/CheckFunctionExists.c.o
/usr/bin/cc    -DCHECK_FUNCTION_EXISTS=pthread_create   -o CMakeFiles/cmTC_edcbc.dir/CheckFunctionExists.c.o   -c /usr/share/cmake-3.5/Modules/CheckFunctionExists.c
Linking C executable cmTC_edcbc
/usr/bin/cmake -E cmake_link_script CMakeFiles/cmTC_edcbc.dir/link.txt --verbose=1
/usr/bin/cc   -DCHECK_FUNCTION_EXISTS=pthread_create    CMakeFiles/cmTC_edcbc.dir/CheckFunctionExists.c.o  -o cmTC_edcbc -rdynamic -lpthreads 
/usr/bin/ld: cannot find -lpthreads
collect2: error: ld returned 1 exit status
CMakeFiles/cmTC_edcbc.dir/build.make:97: recipe for target 'cmTC_edcbc' failed
make[1]: *** [cmTC_edcbc] Error 1
make[1]: Leaving directory '/store/software/opencmiss/OpenCMISS-examples/FiniteElasticity/RightBiceps/build_debug/CMakeFiles/CMakeTmp'
Makefile:126: recipe for target 'cmTC_edcbc/fast' failed
make: *** [cmTC_edcbc/fast] Error 2


